###############################################################################
#                                                                             #
#     IAR Assembler V7.20.2.7424/W32 for ARM 17/Oct/2017  16:19:53            #
#     Copyright 1999-2014 IAR Systems AB.                                     #
#                                                                             #
#           Source file   =  C:\Users\swaggymiller\Desktop\程序\2017校内赛摄像头四轮例程_V1\source\cpu\crt0.s#
#           List file     =  C:\Users\swaggymiller\Desktop\程序\2017校内赛摄像头四轮例程_V1\output\FLASH\List\crt0.lst#
#           Object file   =  C:\Users\swaggymiller\Desktop\程序\2017校内赛摄像头四轮例程_V1\output\FLASH\Obj\crt0.o#
#           Command line  =  C:\Users\swaggymiller\Desktop\程序\2017校内赛摄像头四轮例程_V1\source\cpu\crt0.s #
#                            -OC:\Users\swaggymiller\Desktop\程序\2017校内赛摄像头四轮例程_V1\output\FLASH\Obj\ #
#                            -s+ -M<> -w+ -r                                  #
#                            -LC:\Users\swaggymiller\Desktop\程序\2017校内赛摄像头四轮例程_V1\output\FLASH\List\ #
#                            -t8 --cpu Cortex-M4 --fpu None                   #
#                                                                             #
###############################################################################

    1                           /*
    2                            * File:        crt0.s
    3                            * Purpose:     Lowest level routines for
                                 Kinetis.
    4                            *
    5                            * Notes:       
    6                            *
    7                            */
    8                           
    9                           ;   AREA   Crt0, CODE, READONLY     ; name
                                 this block of code
   10                           
   11                                   SECTION .noinit : CODE
   12                                   EXPORT  __startup
   13                           __startup
   14                           
   15    00000000 4FF00000          MOV     r0,#0                   ;
                                                                     Initialize
                                                                     the
                                                                     GPRs
   16    00000004 4FF00001              MOV     r1,#0
   17    00000008 4FF00002              MOV     r2,#0
   18    0000000C 4FF00003              MOV     r3,#0
   19    00000010 4FF00004              MOV     r4,#0
   20    00000014 4FF00005              MOV     r5,#0
   21    00000018 4FF00006              MOV     r6,#0
   22    0000001C 4FF00007              MOV     r7,#0
   23    00000020 4FF00008              MOV     r8,#0
   24    00000024 4FF00009              MOV     r9,#0
   25    00000028 4FF0000A              MOV     r10,#0
   26    0000002C 4FF0000B              MOV     r11,#0
   27    00000030 4FF0000C              MOV     r12,#0
   28    00000034 62B6                  CPSIE   i                       ;
                                                 Unmask interrupts
   29                                   import start
   30    00000036 ........              BL      start               ; call the
                                                                     C
                                                                     code
   31                           __done
   32    0000003A FEE7                  B       __done
   33                           
   34                           
   35                                   END
##############################
#           CRC:0            #
#        Errors:   0         #
#        Warnings: 0         #
#         Bytes: 60          #
##############################



